{
  "RSpec": {
    "coverage": {
      "/Users/Yash/Code/CourseWork/CSCE_606/CSCE606-BooksForAggies/config/environment.rb": [
        null,
        1,
        null,
        null,
        1
      ],
      "/Users/Yash/Code/CourseWork/CSCE_606/CSCE606-BooksForAggies/config/application.rb": [
        1,
        null,
        1,
        null,
        null,
        null,
        1,
        null,
        1,
        1,
        null,
        1,
        null,
        null,
        null,
        null,
        null,
        null
      ],
      "/Users/Yash/Code/CourseWork/CSCE_606/CSCE606-BooksForAggies/config/boot.rb": [
        1,
        null,
        1
      ],
      "/Users/Yash/Code/CourseWork/CSCE_606/CSCE606-BooksForAggies/config/environments/test.rb": [
        1,
        null,
        null,
        null,
        null,
        null,
        null,
        1,
        null,
        null,
        null,
        null,
        1,
        null,
        null,
        1,
        1,
        null,
        null,
        null,
        null,
        1,
        1,
        null,
        null,
        1,
        null,
        null,
        1,
        1,
        null,
        null,
        null,
        null,
        1,
        null,
        null,
        1,
        null,
        null,
        null,
        null
      ],
      "/Users/Yash/Code/CourseWork/CSCE_606/CSCE606-BooksForAggies/config/initializers/application_controller_renderer.rb": [
        null,
        null,
        null,
        null,
        null,
        null,
        null,
        null
      ],
      "/Users/Yash/Code/CourseWork/CSCE_606/CSCE606-BooksForAggies/config/initializers/assets.rb": [
        null,
        null,
        null,
        1,
        null,
        null,
        null,
        null,
        1,
        null,
        null,
        null,
        null,
        null
      ],
      "/Users/Yash/Code/CourseWork/CSCE_606/CSCE606-BooksForAggies/config/initializers/backtrace_silencers.rb": [
        null,
        null,
        null,
        null,
        null,
        null,
        null
      ],
      "/Users/Yash/Code/CourseWork/CSCE_606/CSCE606-BooksForAggies/config/initializers/cookies_serializer.rb": [
        null,
        null,
        null,
        null,
        1
      ],
      "/Users/Yash/Code/CourseWork/CSCE_606/CSCE606-BooksForAggies/config/initializers/filter_parameter_logging.rb": [
        null,
        null,
        null,
        1
      ],
      "/Users/Yash/Code/CourseWork/CSCE_606/CSCE606-BooksForAggies/config/initializers/inflections.rb": [
        null,
        null,
        null,
        null,
        null,
        null,
        null,
        null,
        null,
        null,
        null,
        null,
        null,
        null,
        null,
        null
      ],
      "/Users/Yash/Code/CourseWork/CSCE_606/CSCE606-BooksForAggies/config/initializers/mime_types.rb": [
        null,
        null,
        null,
        null
      ],
      "/Users/Yash/Code/CourseWork/CSCE_606/CSCE606-BooksForAggies/config/initializers/wrap_parameters.rb": [
        null,
        null,
        null,
        null,
        null,
        null,
        1,
        2,
        null,
        null,
        null,
        null,
        null,
        null
      ],
      "/Users/Yash/Code/CourseWork/CSCE_606/CSCE606-BooksForAggies/spec/factories.rb": [
        null
      ],
      "/Users/Yash/Code/CourseWork/CSCE_606/CSCE606-BooksForAggies/config/routes.rb": [
        1,
        null,
        null,
        null,
        null,
        null,
        null,
        1,
        null,
        1,
        null,
        1,
        null,
        1,
        1,
        1,
        null,
        1,
        null,
        1,
        null,
        1,
        null,
        1,
        null,
        1,
        null,
        1,
        null,
        1,
        null,
        1,
        null,
        1,
        null,
        1,
        null,
        1,
        1,
        null,
        null,
        1,
        null,
        1,
        null,
        null,
        1,
        1,
        null,
        null
      ],
      "/Users/Yash/Code/CourseWork/CSCE_606/CSCE606-BooksForAggies/app/helpers/application_helper.rb": [
        1,
        null
      ],
      "/Users/Yash/Code/CourseWork/CSCE_606/CSCE606-BooksForAggies/app/helpers/book_helper.rb": [
        1,
        null
      ],
      "/Users/Yash/Code/CourseWork/CSCE_606/CSCE606-BooksForAggies/app/helpers/find_helper.rb": [
        1,
        null
      ],
      "/Users/Yash/Code/CourseWork/CSCE_606/CSCE606-BooksForAggies/app/helpers/home_helper.rb": [
        1,
        null
      ],
      "/Users/Yash/Code/CourseWork/CSCE_606/CSCE606-BooksForAggies/app/helpers/share_helper.rb": [
        1,
        null
      ],
      "/Users/Yash/Code/CourseWork/CSCE_606/CSCE606-BooksForAggies/app/helpers/show_helper.rb": [
        1,
        null
      ],
      "/Users/Yash/Code/CourseWork/CSCE_606/CSCE606-BooksForAggies/app/controllers/book_controller.rb": [
        1,
        1,
        null,
        null,
        1,
        1,
        0,
        null,
        1,
        null,
        null,
        null,
        null,
        null,
        null,
        null,
        1,
        null,
        null,
        0,
        0,
        0,
        0,
        0,
        0,
        0,
        0,
        0,
        0,
        0,
        0,
        0,
        0,
        null,
        0,
        null,
        null,
        null,
        null,
        1,
        0,
        0,
        0,
        0,
        0,
        null,
        0,
        null,
        null,
        1,
        0,
        0,
        0,
        null,
        null,
        null,
        1,
        0,
        0,
        0,
        0,
        0,
        0,
        0,
        0,
        0,
        0,
        0,
        0,
        0,
        0,
        0,
        0,
        null,
        0,
        null,
        null,
        null,
        1,
        0,
        0,
        0,
        0,
        null,
        0,
        0,
        null,
        null,
        null,
        1,
        0,
        0,
        0,
        null,
        null,
        null,
        null,
        null,
        null
      ],
      "/Users/Yash/Code/CourseWork/CSCE_606/CSCE606-BooksForAggies/app/controllers/application_controller.rb": [
        1,
        1,
        null
      ],
      "/Users/Yash/Code/CourseWork/CSCE_606/CSCE606-BooksForAggies/app/models/book.rb": [
        1,
        1,
        1,
        1,
        1,
        1,
        null,
        null,
        null,
        null,
        null
      ],
      "/Users/Yash/Code/CourseWork/CSCE_606/CSCE606-BooksForAggies/app/models/application_record.rb": [
        1,
        1,
        null
      ],
      "/Users/Yash/Code/CourseWork/CSCE_606/CSCE606-BooksForAggies/app/models/user.rb": [
        1,
        1,
        1,
        1,
        null,
        null,
        null,
        1,
        1,
        null,
        null,
        1,
        null
      ]
    },
    "timestamp": 1511802196
  }
}
